<?xml version="1.0" encoding="UTF-8"?>
<testng-results skipped="0" failed="0" ignored="3" total="7" passed="4">
  <reporter-output>
  </reporter-output>
  <suite name="All Test Suite" duration-ms="15880" started-at="2021-12-16T16:57:29 EST" finished-at="2021-12-16T16:57:45 EST">
    <groups>
      <group name="smoke">
        <method signature="LoginTest.invalidLoginErrorMessageValidation(java.lang.String, java.lang.String, java.lang.String)[pri:0, instance:testcases.LoginTest@7fac631b]" name="invalidLoginErrorMessageValidation" class="testcases.LoginTest"/>
      </group> <!-- smoke -->
    </groups>
    <test name="C:/Users/sohel.abbasi/workspace/TestNgFrameworkB10" duration-ms="15880" started-at="2021-12-16T16:57:29 EST" finished-at="2021-12-16T16:57:45 EST">
      <class name="testcases.LoginTest">
        <test-method status="PASS" signature="openBrowser()[pri:0, instance:testcases.LoginTest@7fac631b]" name="openBrowser" is-config="true" duration-ms="4190" started-at="2021-12-16T16:57:29 EST" finished-at="2021-12-16T16:57:33 EST">
          <reporter-output>
          </reporter-output>
        </test-method> <!-- openBrowser -->
        <test-method status="PASS" signature="invalidLoginErrorMessageValidation(java.lang.String, java.lang.String, java.lang.String)[pri:0, instance:testcases.LoginTest@7fac631b]" name="invalidLoginErrorMessageValidation" duration-ms="603" started-at="2021-12-16T16:57:33 EST" data-provider="invalidData" finished-at="2021-12-16T16:57:33 EST">
          <params>
            <param index="0">
              <value>
                <![CDATA[James]]>
              </value>
            </param>
            <param index="1">
              <value>
                <![CDATA[123!]]>
              </value>
            </param>
            <param index="2">
              <value>
                <![CDATA[Invalid credentials]]>
              </value>
            </param>
          </params>
          <reporter-output>
          </reporter-output>
        </test-method> <!-- invalidLoginErrorMessageValidation -->
        <test-method status="PASS" signature="tearDown()[pri:0, instance:testcases.LoginTest@7fac631b]" name="tearDown" is-config="true" duration-ms="656" started-at="2021-12-16T16:57:34 EST" finished-at="2021-12-16T16:57:34 EST">
          <reporter-output>
          </reporter-output>
        </test-method> <!-- tearDown -->
        <test-method status="PASS" signature="openBrowser()[pri:0, instance:testcases.LoginTest@7fac631b]" name="openBrowser" is-config="true" duration-ms="2164" started-at="2021-12-16T16:57:34 EST" finished-at="2021-12-16T16:57:36 EST">
          <reporter-output>
          </reporter-output>
        </test-method> <!-- openBrowser -->
        <test-method status="PASS" signature="invalidLoginErrorMessageValidation(java.lang.String, java.lang.String, java.lang.String)[pri:0, instance:testcases.LoginTest@7fac631b]" name="invalidLoginErrorMessageValidation" duration-ms="599" started-at="2021-12-16T16:57:36 EST" data-provider="invalidData" finished-at="2021-12-16T16:57:37 EST">
          <params>
            <param index="0">
              <value>
                <![CDATA[Admin1]]>
              </value>
            </param>
            <param index="1">
              <value>
                <![CDATA[Hum@nhrm123]]>
              </value>
            </param>
            <param index="2">
              <value>
                <![CDATA[Invalid credentials]]>
              </value>
            </param>
          </params>
          <reporter-output>
          </reporter-output>
        </test-method> <!-- invalidLoginErrorMessageValidation -->
        <test-method status="PASS" signature="tearDown()[pri:0, instance:testcases.LoginTest@7fac631b]" name="tearDown" is-config="true" duration-ms="625" started-at="2021-12-16T16:57:37 EST" finished-at="2021-12-16T16:57:38 EST">
          <reporter-output>
          </reporter-output>
        </test-method> <!-- tearDown -->
        <test-method status="PASS" signature="openBrowser()[pri:0, instance:testcases.LoginTest@7fac631b]" name="openBrowser" is-config="true" duration-ms="2127" started-at="2021-12-16T16:57:38 EST" finished-at="2021-12-16T16:57:40 EST">
          <reporter-output>
          </reporter-output>
        </test-method> <!-- openBrowser -->
        <test-method status="PASS" signature="invalidLoginErrorMessageValidation(java.lang.String, java.lang.String, java.lang.String)[pri:0, instance:testcases.LoginTest@7fac631b]" name="invalidLoginErrorMessageValidation" duration-ms="375" started-at="2021-12-16T16:57:40 EST" data-provider="invalidData" finished-at="2021-12-16T16:57:40 EST">
          <params>
            <param index="0">
              <value>
                <![CDATA[Admin]]>
              </value>
            </param>
            <param index="1">
              <value>
                <![CDATA[]]>
              </value>
            </param>
            <param index="2">
              <value>
                <![CDATA[Password cannot be empty]]>
              </value>
            </param>
          </params>
          <reporter-output>
          </reporter-output>
        </test-method> <!-- invalidLoginErrorMessageValidation -->
        <test-method status="PASS" signature="tearDown()[pri:0, instance:testcases.LoginTest@7fac631b]" name="tearDown" is-config="true" duration-ms="610" started-at="2021-12-16T16:57:40 EST" finished-at="2021-12-16T16:57:41 EST">
          <reporter-output>
          </reporter-output>
        </test-method> <!-- tearDown -->
        <test-method status="PASS" signature="openBrowser()[pri:0, instance:testcases.LoginTest@7fac631b]" name="openBrowser" is-config="true" duration-ms="2343" started-at="2021-12-16T16:57:41 EST" finished-at="2021-12-16T16:57:43 EST">
          <reporter-output>
          </reporter-output>
        </test-method> <!-- openBrowser -->
        <test-method status="PASS" signature="invalidLoginErrorMessageValidation(java.lang.String, java.lang.String, java.lang.String)[pri:0, instance:testcases.LoginTest@7fac631b]" name="invalidLoginErrorMessageValidation" duration-ms="369" started-at="2021-12-16T16:57:43 EST" data-provider="invalidData" finished-at="2021-12-16T16:57:44 EST">
          <params>
            <param index="0">
              <value>
                <![CDATA[]]>
              </value>
            </param>
            <param index="1">
              <value>
                <![CDATA[Hum@nhrm123]]>
              </value>
            </param>
            <param index="2">
              <value>
                <![CDATA[Username cannot be empty]]>
              </value>
            </param>
          </params>
          <reporter-output>
          </reporter-output>
        </test-method> <!-- invalidLoginErrorMessageValidation -->
        <test-method status="PASS" signature="tearDown()[pri:0, instance:testcases.LoginTest@7fac631b]" name="tearDown" is-config="true" duration-ms="610" started-at="2021-12-16T16:57:44 EST" finished-at="2021-12-16T16:57:45 EST">
          <reporter-output>
          </reporter-output>
        </test-method> <!-- tearDown -->
      </class> <!-- testcases.LoginTest -->
    </test> <!-- C:/Users/sohel.abbasi/workspace/TestNgFrameworkB10 -->
  </suite> <!-- All Test Suite -->
</testng-results>
